[2025-12-08 18:37:06] [START] Starting Autonomous Worker Loop...
[2025-12-08 18:37:06] ğŸ“‹ Resuming from checkpoint: 40 previous tasks
  ğŸ“¦ Registered tool: read_file
  ğŸ“¦ Registered tool: write_file
  ğŸ“¦ Registered tool: list_dir
  ğŸ“¦ Registered tool: run_command
  ğŸ“¦ Registered tool: python_exec
  ğŸ“¦ Registered tool: search_files
  ğŸ“¦ Registered tool: analyze_code_structure
  ğŸ“¦ Registered tool: replace_in_file
  ğŸ“¦ Registered tool: apply_patch
  ğŸ“¦ Registered tool: linter
  ğŸ“¦ Registered tool: run_tests
âœ… All tools registered
CONNECTING TO CHROMA SERVER (Port 8100)...
âœ… Connected to ChromaDB Server
ğŸ“‚ Indexing workspace: sandbox...
âœ… Indexed 0 project files.
[2025-12-08 18:37:11] âœ… System Initialized. Entering loop.
[2025-12-08 18:37:14] ğŸ’š Health check passed (2684ms)
[2025-12-08 18:37:18] ğŸ“‹ Generated Task: Implement a function to validate email addresses using a regular expression in a `utils/validators.py` file. This task can be verified with a unit test that checks if valid and invalid email addresses are correctly identified.

============================================================
ğŸ¯ POETIQ (3 workers): Implement a function to validate email addresses u...
============================================================

ğŸ“¡ Phase 1: Parallel generation...

ğŸ“š MEMORY RETRIEVAL for: Implement a function to validate email addresses using a reg...
   Category: file_create (confidence: 0.12)
   Tools suggested: ['write_file']
   Memories (3):
      - [file_create] (Note: This rule applies broadly to email validation in text...
      - [general] ) using `search_files` to find the tag names and check for p...
      - [tool_error] AVOID: python_exec failed with [ERROR] python_exec: Tracebac...
    Worker-0: âœ… Code verified (attempt 1)
  Worker-0: 34.2s [verified:âœ“]
    Worker-1: âœ… Code verified (attempt 1)
  Worker-1: 34.5s [verified:âœ“]
    Worker-2: âœ… Code verified (attempt 1)
  Worker-2: 42.3s [verified:âœ“]
  â±ï¸ 42.3s

ğŸ§  Phase 2: Aggregating candidates...
    âœ… Using verified response from Worker-0 (3/3 verified)
  âœ¨ Synthesized optimal response (34.2s)

ğŸ”„ Phase 3: Self-Refine loop...
  ğŸ“Š Pre-refine: 3/3 workers verified code
  ğŸ“ˆ Pre-refine score: 18/25
  âš¡ SKIP: Worker verified + score 18/25 >= 15 â†’ Using directly
  ğŸ“Š Final score: 18/25 (0 iter) | Delta: âš¡0

ğŸ’¡ Phase 6: Learning in background...

ğŸ§¹ Running Memory Maintenance...
   Decay stats: {'memories_processed': 58, 'total_importance_before': 202, 'total_importance_after': 202, 'decayed_by': 0}
  ğŸ§¹ Maintenance: 0.00 decay applied

â±ï¸ Total time: 60.4s

ğŸ“Š MEMORY FEEDBACK: âœ… SUCCESS for memories [50, 51, 41]
[2025-12-08 18:38:19] âœ… Task Completed (60.4s). Score: 18
[2025-12-08 18:38:19] ğŸ’¤ Sleeping for 5s...
[2025-12-08 18:38:30] ğŸ“‹ Generated Task: Implement a function to validate simple Python identifiers (like variable names, function names, and module names) against a predefined set of allowed characters and patterns, ensuring it raises a `ValueError` for invalid inputs. This task can be verified with a unit test checking various valid and invalid inputs.

============================================================
ğŸ¯ POETIQ (3 workers): Implement a function to validate simple Python ide...
============================================================

ğŸ“¡ Phase 1: Parallel generation...

ğŸ“š MEMORY RETRIEVAL for: Implement a function to validate simple Python identifiers (...
   Category: file_read (confidence: 0.12)
   Tools suggested: ['read_file']
   Memories (3):
      - [tool_error] AVOID: python failed with [ERROR] python: Tool 'python' not ...
      - [general] ) using `search_files` to find the tag names and check for p...
      - [tool_error] AVOID: python_exec failed with [ERROR] python_exec: Tracebac...
  [DEBUG] Pattern LLM raw (1213 chars): PATTERN: r"^[a-zA-Z0-9_.+-]+@[a-zA-Z0-9-]+\.[a-zA-Z0-9-.]+$"...
  âœ¨ Success pattern: PATTERN: r"^[a-zA-Z0-9_.+-]+@[a-zA-Z0-9-]+\.[a-zA-Z0-9-.]+$"...
    Worker-0: âš ï¸ Error (attempt 1), refining...
    Worker-2: âš ï¸ Error (attempt 1), refining...
    Worker-1: âœ… Code verified (attempt 1)
  Worker-1: 56.8s [verified:âœ“]
    Worker-0: âš ï¸ Error (attempt 2), refining...
    Worker-2: âš ï¸ Error (attempt 2), refining...
    Worker-2: âŒ Failed after 3 attempts
  Worker-2: 112.6s [verified:âœ—] (3 att)
    Worker-0: âŒ Failed after 3 attempts
  Worker-0: 117.6s [verified:âœ—] (3 att)
  â±ï¸ 117.6s

ğŸ§  Phase 2: Aggregating candidates...
    âœ… Using verified response from Worker-1 (1/3 verified)
  âœ¨ Synthesized optimal response (56.8s)

ğŸ”„ Phase 3: Self-Refine loop...
  ğŸ“Š Pre-refine: 1/3 workers verified code
  ğŸ“ˆ Pre-refine score: 18/25
  âš¡ SKIP: Worker verified + score 18/25 >= 15 â†’ Using directly
  ğŸ“Š Final score: 18/25 (0 iter) | Delta: âš¡0

ğŸ’¡ Phase 6: Learning in background...

ğŸ§¹ Running Memory Maintenance...
   Decay stats: {'memories_processed': 58, 'total_importance_before': 205, 'total_importance_after': 205, 'decayed_by': 0}
  ğŸ§¹ Maintenance: 0.00 decay applied

â±ï¸ Total time: 148.3s

ğŸ“Š MEMORY FEEDBACK: âœ… SUCCESS for memories [49, 51, 41]
[2025-12-08 18:40:58] âœ… Task Completed (148.3s). Score: 18
[2025-12-08 18:40:58] ğŸ’¤ Sleeping for 5s...
[2025-12-08 18:41:08] ğŸ“‹ Generated Task: Implement a function to validate basic email formats in a `utils/validators.py` module, verifying it against a set of common email patterns using a unit test.

============================================================
ğŸ¯ POETIQ (3 workers): Implement a function to validate basic email forma...
============================================================

ğŸ“¡ Phase 1: Parallel generation...
  ğŸ”„ Evolved memory #46: When validating email addresses in a string, use a...

ğŸ“š MEMORY RETRIEVAL for: Implement a function to validate basic email formats in a `u...
   Category: file_read (confidence: 0.12)
   Tools suggested: ['read_file']
   Memories (3):
      - [file_create] (Note: This rule applies broadly to email validation in text...
      - [general] ) using `search_files` to find the tag names and check for p...
      - [tool_error] AVOID: python failed with [ERROR] python: Tool 'python' not ...
  [DEBUG] Pattern LLM raw (1724 chars): PATTERN: For [function], use [approach] with [key_technique]...
  âœ¨ Success pattern: PATTERN: For [function], use [approach] with [key_technique]...
  ğŸ”„ Evolved memory #47: When validating email addresses in a string, use a...
    Worker-0: âš ï¸ Error (attempt 1), refining...
  ğŸ’¡ Learned: PATTERN: r"^[a-zA-Z0-9_.+-]+@[a-zA-Z0-9-]+\.[a-zA-... [imp:6, links:0]

ğŸ’¡ Learning: 1 new, 2 evolved, 1 patterns
    Worker-1: âš ï¸ Error (attempt 1), refining...
  ğŸ’¡ Learned: Here's why this rule is generalized:**... [imp:5, links:0]
    Worker-2: âœ… Code verified (attempt 1)
  Worker-2: 67.0s [verified:âœ“]
  ğŸ’¡ Learned: **Focuses on identifier type:** It targets variabl... [imp:5, links:0]
  ğŸ’¡ Learned: PATTERN: For [function], use [approach] with [key_... [imp:6, links:0]

ğŸ’¡ Learning: 3 new, 0 evolved, 1 patterns
    Worker-0: âš ï¸ Error (attempt 2), refining...
    Worker-1: âš ï¸ Error (attempt 2), refining...
    Worker-1: âŒ Failed after 3 attempts
  Worker-1: 121.8s [verified:âœ—] (3 att)
    Worker-0: âŒ Failed after 3 attempts
  Worker-0: 129.5s [verified:âœ—] (3 att)
  â±ï¸ 129.5s

ğŸ§  Phase 2: Aggregating candidates...
    âœ… Using verified response from Worker-2 (1/3 verified)
  âœ¨ Synthesized optimal response (67.0s)

ğŸ”„ Phase 3: Self-Refine loop...
  ğŸ“Š Pre-refine: 1/3 workers verified code
  ğŸ“ˆ Pre-refine score: 18/25
  âš¡ SKIP: Worker verified + score 18/25 >= 15 â†’ Using directly
  ğŸ“Š Final score: 18/25 (0 iter) | Delta: âš¡0

ğŸ’¡ Phase 6: Learning in background...

ğŸ§¹ Running Memory Maintenance...
   Decay stats: {'memories_processed': 62, 'total_importance_before': 230, 'total_importance_after': 230, 'decayed_by': 0}
  ğŸ§¹ Maintenance: 0.00 decay applied

â±ï¸ Total time: 146.2s

ğŸ“Š MEMORY FEEDBACK: âœ… SUCCESS for memories [50, 51, 49]
[2025-12-08 18:43:34] âœ… Task Completed (146.2s). Score: 18
[2025-12-08 18:43:34] ğŸ’¤ Sleeping for 5s...
[2025-12-08 18:43:44] ğŸ“‹ Generated Task: Implement a function to validate basic HTML tags in a `utils/validators.py` file, verifying the presence and correct nesting of tags.

============================================================
ğŸ¯ POETIQ (3 workers): Implement a function to validate basic HTML tags i...
============================================================

ğŸ“¡ Phase 1: Parallel generation...

ğŸ“š MEMORY RETRIEVAL for: Implement a function to validate basic HTML tags in a `utils...
   Category: file_create (confidence: 0.12)
   Tools suggested: ['write_file']
   Memories (3):
      - [general] ) using `search_files` to find the tag names and check for p...
      - [code_exec] **Focuses on identifier type:** It targets variable names, f...
      - [tool_error] AVOID: python_exec failed with [ERROR] python_exec: Tracebac...
  [DEBUG] Pattern LLM raw (1045 chars): ## Generalized Email Validation Pattern

**PATTERN:** `^[a-z...
  âœ¨ Success pattern: PATTERN: ## Generalized Email Validation Pattern...
    Worker-0: âœ… Code verified (attempt 1)
  Worker-0: 43.3s [verified:âœ“]
    Worker-2: âœ… Code verified (attempt 1)
  Worker-2: 54.9s [verified:âœ“]
    Worker-1: âœ… Code verified (attempt 1)
  Worker-1: 59.2s [verified:âœ“]
  â±ï¸ 59.2s

ğŸ§  Phase 2: Aggregating candidates...
    âœ… Using verified response from Worker-0 (3/3 verified)
  âœ¨ Synthesized optimal response (43.3s)

ğŸ”„ Phase 3: Self-Refine loop...
  ğŸ“Š Pre-refine: 3/3 workers verified code
  ğŸ“ˆ Pre-refine score: 18/25
  âš¡ SKIP: Worker verified + score 18/25 >= 15 â†’ Using directly
  ğŸ“Š Final score: 18/25 (0 iter) | Delta: âš¡0

ğŸ’¡ Phase 6: Learning in background...

ğŸ§¹ Running Memory Maintenance...
   Decay stats: {'memories_processed': 62, 'total_importance_before': 233, 'total_importance_after': 233, 'decayed_by': 0}
  ğŸ§¹ Maintenance: 0.00 decay applied

â±ï¸ Total time: 85.1s

ğŸ“Š MEMORY FEEDBACK: âœ… SUCCESS for memories [51, 60, 41]
[2025-12-08 18:45:09] âœ… Task Completed (85.1s). Score: 18
[2025-12-08 18:45:09] ğŸ’¤ Sleeping for 5s...
[2025-12-08 18:45:21] ğŸ“‹ Generated Task: Implement a function to validate simple Python identifiers (e.g., variable names, function names) against a set of predefined rules, ensuring they adhere to PEP 8 conventions and avoid certain invalid patterns. This task can be verified with a unit test checking for correct validation of valid identifiers and rejection of invalid ones.

============================================================
ğŸ¯ POETIQ (3 workers): Implement a function to validate simple Python ide...
============================================================

ğŸ“¡ Phase 1: Parallel generation...

ğŸ“š MEMORY RETRIEVAL for: Implement a function to validate simple Python identifiers (...
   Category: file_read (confidence: 0.12)
   Tools suggested: ['read_file']
   Memories (3):
      - [code_exec] **Focuses on identifier type:** It targets variable names, f...
      - [code_pattern] PATTERN: For [function], use [approach] with [key_technique]...
      - [general] ) using `search_files` to find the tag names and check for p...
  [DEBUG] Pattern LLM raw (1422 chars): PATTERN: 

**RULES:**

- **Approach:** Regular expression-ba...
  [DEBUG] Pattern rejected: too short (8 chars)
  ğŸ”„ Evolved memory #46: RULE:** When validating email formats, check if th...
    Worker-1: âš ï¸ Error (attempt 1), refining...
    Worker-0: âš ï¸ Error (attempt 1), refining...
    Worker-2: âš ï¸ Error (attempt 1), refining...
  ğŸ”„ Evolved memory #47: RULE:** When validating email formats, check if th...
    Worker-1: âš ï¸ Error (attempt 2), refining...
  ğŸ’¡ Learned: PATTERN: ## Generalized Email Validation Pattern... [imp:6, links:0]

ğŸ’¡ Learning: 1 new, 2 evolved, 1 patterns
    Worker-0: âš ï¸ Error (attempt 2), refining...
    Worker-2: âš ï¸ Error (attempt 2), refining...
    Worker-0: âŒ Failed after 3 attempts
  Worker-0: 230.8s [verified:âœ—] (3 att)
    Worker-1: âŒ Failed after 3 attempts
  Worker-1: 238.2s [verified:âœ—] (3 att)
    Worker-2: âŒ Failed after 3 attempts
  Worker-2: 243.6s [verified:âœ—] (3 att)
  â±ï¸ 243.6s

ğŸ§  Phase 2: Aggregating candidates...
    âš ï¸ No verified responses, synthesizing from 3 candidates
    â†’ Synthesizing 3 candidates...
  âœ¨ Synthesized optimal response (12.1s)

ğŸ”„ Phase 3: Self-Refine loop...
  ğŸ“Š Pre-refine: 0/3 workers verified code
  ğŸ“ˆ Pre-refine score: 18/25
    ğŸ“Š Parallel evaluation (3 workers)...
  ğŸ”„ Evolved memory #51: RULE:** When validating HTML tags, ensure every op...
      Eval-0: 18/25 (temp=0.2)
      Eval-2: 18/25 (temp=0.4)
  ğŸ”„ Evolved memory #55: RULE:** When validating HTML tags, ensure every op...

ğŸ’¡ Learning: 0 new, 2 evolved, 0 patterns
      Eval-1: 18/25 (temp=0.3)
      â†’ Median score: 18/25 (from 3 evals)
    Iter 1: score=18/25 (eval: 52.0s)
    ğŸ“ˆ New best: score=18/25 at iter 1
    âœ“ Score >= 18 and verification passed, stopping
  ğŸ“Š Final score: 18/25 (1 iter) | Delta: â†’0

ğŸ”§ Phase 4: Executing tools...
  ğŸ”§ [1] Executing: python_exec
    âš ï¸ python_exec: Missing required param(s): code
      âš ï¸ Error: [ERROR] python_exec: Missing required param(s): code...

ğŸ“š MEMORY RETRIEVAL for: python_exec error [ERROR] python_exec: Missing required para...
   Category: code_exec (confidence: 0.25)
   Tools suggested: ['python_exec']
   Memories (3):
      - [tool_error] AVOID: python_exec failed with [ERROR] python_exec: Tracebac...
      - [tool_error] AVOID: python failed with [ERROR] python: Tool 'python' not ...
      - [tool_error] AVOID: python_exec failed with [ERROR] python_exec: Tracebac...
      ğŸ”„ Retrying with: Given the error message indicating a missing required parame...
      ğŸ¤” LLM next action: Given the error message indicating a missing required parameter `code` in `pytho...
  âœ… Executed 2 tool(s)

ğŸ“ Phase 5: Final response...

ğŸ’¡ Phase 6: Learning in background...

ğŸ§¹ Running Memory Maintenance...
   Decay stats: {'memories_processed': 63, 'total_importance_before': 242, 'total_importance_after': 240, 'decayed_by': 2}
  ğŸ§¹ Maintenance: 2.00 decay applied

â±ï¸ Total time: 475.1s

ğŸ“Š MEMORY FEEDBACK: âŒ FAILURE for memories [60, 61, 51]
    âš ï¸ Memory feedback: FAIL (score_ok=True, tools_ok=False)
[2025-12-08 18:53:16] âœ… Task Completed (475.1s). Score: 18
[2025-12-08 18:53:16] ğŸ’¾ Checkpoint saved: 45 tasks completed
[2025-12-08 18:53:16] ğŸ’¤ Sleeping for 5s...
[2025-12-08 18:53:26] ğŸ“‹ Generated Task: Implement a function to validate basic HTML tags in a `tests/test_html_tags.py` file, verifying its correctness with assertions against known valid and invalid HTML snippets.
