{
  "session": "20251208_133404",
  "task": "Implement a function to validate basic email formats in a `utils/email_validator.py` file, with a unit test verifying its correctness.",
  "events": [
    {
      "phase": "info",
      "time": "2025-12-08T13:34:04.748861",
      "message": "Starting task: Implement a function to validate basic email formats in a `u..."
    },
    {
      "phase": "memory",
      "time": "2025-12-08T13:34:05.516101",
      "query": "Implement a function to validate basic email formats in a `utils/email_validator.py` file, with a unit test verifying its correctness.",
      "category": "file_create",
      "confidence": 0.125,
      "suggested_tools": [
        "write_file"
      ],
      "memories_found": 1,
      "memories_preview": [
        "AVOID: argparse failed with [ERROR] argparse: Tool 'argparse' not found"
      ]
    },
    {
      "phase": "parallel",
      "time": "2025-12-08T13:34:43.727555",
      "workers": [
        {
          "id": 1,
          "duration": 30.5,
          "tool": null,
          "response": "Here's a Python implementation for `utils/email_validator.py`:\n\n```python\nimport re\n\ndef validate_email(email: str) -> bool:\n    pattern = r'^[a-zA-Z0-9._%+-]+@[a-zA-Z0-9.-]+\\.[a-zA-Z]{2,}$'\n    return bool(re.match(pattern, email))\n\n# Unit test\nimport unittest\n\nclass TestEmailValidator(unittest.TestCase):\n    def test_valid_emails(self):\n        self.assertTrue(validate_email(\"test@example.com\"))"
        },
        {
          "id": 0,
          "duration": 35.2,
          "tool": null,
          "response": "Here's how you can implement the email validation function and its corresponding unit test in `utils/email_validator.py`:\n\n```python\n# utils/email_validator.py\n\nimport re\n\ndef validate_email(email):\n    pattern = r'^[a-zA-Z0-9._%+-]+@[a-zA-Z0-9.-]+\\.[a-zA-Z]{2,}$'\n    return bool(re.match(pattern, email))\n\n# tests/test_email_validator.py\n\nimport unittest\nfrom utils import validate_email\n\nclass Tes"
        },
        {
          "id": 2,
          "duration": 37.5,
          "tool": null,
          "response": "Here's a Python solution for the problem:\n\n```python\n# utils/email_validator.py\n\nimport re\n\ndef validate_email(email):\n    pattern = r'^[a-zA-Z0-9_.+-]+@[a-zA-Z0-9-]+\\.[a-zA-Z0-9-.]+$'\n    return bool(re.match(pattern, email))\n\n# test_email_validator.py\n\nimport unittest\nfrom utils import validate_email\n\nclass TestEmailValidator(unittest.TestCase):\n\n    def test_valid_emails(self):\n        self.ass"
        }
      ]
    },
    {
      "phase": "aggregation",
      "time": "2025-12-08T13:34:50.328303",
      "duration": 6.6,
      "response": "```json\n{\"tool\": \"re\", \"params\": {\"pattern\": r'^[a-zA-Z0-9_.+-]+@[a-zA-Z0-9-]+\\.[a-zA-Z0-9-.]+$'\"}}\n``` \n\n\n"
    },
    {
      "phase": "memory",
      "time": "2025-12-08T13:35:57.676837",
      "query": "Implement a function to validate basic email formats in a `utils/email_validator.py` file, with a unit test verifying its correctness.",
      "category": "file_create",
      "confidence": 0.0,
      "suggested_tools": [
        "write_file"
      ],
      "memories_found": 3,
      "memories_preview": [
        "AVOID: validate_syntax failed with [ERROR] validate_syntax: Tool 'validate_syntax' not found",
        "AVOID: argparse failed with [ERROR] argparse: Tool 'argparse' not found",
        "AVOID: Syntax error: name 'source_code' is not defined"
      ]
    },
    {
      "phase": "memory",
      "time": "2025-12-08T13:37:45.061993",
      "query": "Implement a function to validate basic email formats in a `utils/email_validator.py` file, with a unit test verifying its correctness.",
      "category": "file_create",
      "confidence": 0.0,
      "suggested_tools": [
        "write_file"
      ],
      "memories_found": 3,
      "memories_preview": [
        "AVOID: validate_syntax failed with [ERROR] validate_syntax: Tool 'validate_syntax' not found",
        "AVOID: argparse failed with [ERROR] argparse: Tool 'argparse' not found",
        "AVOID: HTMLValidator failed with [ERROR] HTMLValidator: Tool 'HTMLValidator' not found. Available to"
      ]
    }
  ]
}